#-----------------------------------------------------------
# Vivado v2024.2 (64-bit)
# SW Build 5239630 on Fri Nov 08 22:34:34 MST 2024
# IP Build 5239520 on Sun Nov 10 16:12:51 MST 2024
# SharedData Build 5239561 on Fri Nov 08 14:39:27 MST 2024
# Start of session at: Tue Apr  8 22:33:08 2025
# Process ID         : 4182
# Current directory  : /home/emre/projectZed
# Command line       : vivado finn_zynq_link.xpr
# Log file           : /home/emre/projectZed/vivado.log
# Journal file       : /home/emre/projectZed/vivado.jou
# Running On         : emre-Ubuntu
# Platform           : Ubuntu
# Operating System   : Ubuntu 24.04.2 LTS
# Processor Detail   : AMD Ryzen 7 7840HS with Radeon 780M Graphics
# CPU Frequency      : 1714.308 MHz
# CPU Physical cores : 8
# CPU Logical cores  : 16
# Host memory        : 14318 MB
# Swap memory        : 4294 MB
# Total Virtual      : 18613 MB
# Available Virtual  : 16858 MB
#-----------------------------------------------------------
start_gui
exit
INFO: [Common 17-206] Exiting Vivado at Tue Apr  8 22:33:20 2025...
